
----------------------------------------------------------------------------
--                            File Generation                             --
----------------------------------------------------------------------------
No ProjNavigator support files will be generated at this time ...
No XST project files will be generated at this time ...
Start Creating drver source 

----------------------------------------------------------------------------
--                              Final Report                              --
----------------------------------------------------------------------------
Thank you for using Create and Import Peripheral Wizard!

Peripheral summary

  top name       : fsl_ctrl_regs
  version        : 1.00.a
  type           : FSL master slave
  features       : 

File Summary

  - HDL source -
  /home/andreas/reconos_v3/step_a/pcores/fsl_ctrl_regs_v1_00_a/hdl/vhdl
  top level      : fsl_ctrl_regs.vhd

  - XPS interface -
  /home/andreas/reconos_v3/step_a/pcores/fsl_ctrl_regs_v1_00_a/data
  mpd            : fsl_ctrl_regs_v2_1_0.mpd
  pao            : fsl_ctrl_regs_v2_1_0.pao

  - Misc file -
  /home/andreas/reconos_v3/step_a/pcores/fsl_ctrl_regs_v1_00_a/devl
  help           : README.txt
  option         : ipwiz.opt
  log            : ipwiz.log

  - Driver source -
  /home/andreas/reconos_v3/step_a/drivers/fsl_ctrl_regs_v1_00_a/src
  makefile       : Makefile
  header         : fsl_ctrl_regs.h
  source         : fsl_ctrl_regs.c

  - Driver interface -
  /home/andreas/reconos_v3/step_a/drivers/fsl_ctrl_regs_v1_00_a/data
  mdd            : fsl_ctrl_regs_v2_1_0.mdd
  tcl            : fsl_ctrl_regs_v2_1_0.tcl


