ISim log file
Running: /home/aloesch/hwts/matrixmul/hwtsim/hwt_tb_isim_beh.exe -intstyle ise -gui -tclbatch isim.cmd -view /home/aloesch/hwts/matrixmul/hwtsim/hwtsim.wcfg -wdb /home/aloesch/hwts/matrixmul/hwtsim/hwt_tb_isim_beh.wdb 
ISim P.49d (signature 0xfbc00daa)
This is a Full version of ISim.
Time resolution is 1 ps
# onerror resume
# run 100ns#
Incorrect usage of command 'run'
Usage: run [ all | continue | <<time> [<unit>]> ]
for detailed help use 'help run'
# run 100ns
Simulator is doing circuit initialization process.
at 0 ps, Instance /hwt_tb/fifo32_a/ : Warning: There is an 'U'|'X'|'W'|'Z'|'-' in an arithmetic operand, the result will be 'X'(es).
at 0 ps, Instance /hwt_tb/fifo32_a/ : Warning: CONV_INTEGER: There is an 'U'|'X'|'W'|'Z'|'-' in an arithmetic operand, and it has been converted to 0.
at 0 ps, Instance /hwt_tb/fifo32_b/ : Warning: CONV_INTEGER: There is an 'U'|'X'|'W'|'Z'|'-' in an arithmetic operand, and it has been converted to 0.
at 0 ps, Instance /hwt_tb/mem_i/ : Warning: CONV_INTEGER: There is an 'U'|'X'|'W'|'Z'|'-' in an arithmetic operand, and it has been converted to 0.
Finished circuit initialization process.
at 5 ns(2), Instance /hwt_tb/mem_i/ : Warning: CONV_INTEGER: There is an 'U'|'X'|'W'|'Z'|'-' in an arithmetic operand, and it has been converted to 0.
# run 10000ns
# run 1000ns
# run 1000ns
# run 1000ns
# run 1000ns
# run 1000ns
# run 1000ns
# run 10000ns
# run 10000ns
# run 10000ns
# run 10000ns
# run 1000ns
# run 1000ns
# run 1000ns
# run 10000ns
# run 10000ns
# run 10000ns
# run 10000ns
# run 100000ns
# run 100000ns
# run 100000ns
# run 100000ns
# run 100000ns
# run 100000ns
# run 100000ns
# run 100000ns
# run 100000ns
# run 100000ns
# exit 0
