
Overriding IP level properties ...

Computing clock values...

Performing IP level DRCs on properties...

Running DRC Tcl procedures for OPTION IPLEVEL_DRC_PROC...
Address Map for Processor ps7_cortexa9_0
  (0000000000-0x0002ffff) ps7_ram_0	ps7_axi_interconnect_0
  (0x00100000-0x1fffffff) ps7_ddr_0	ps7_axi_interconnect_0
  (0xe0001000-0xe0001fff) ps7_uart_1	ps7_axi_interconnect_0
  (0xe000b000-0xe000bfff) ps7_ethernet_0	ps7_axi_interconnect_0
  (0xe0100000-0xe0100fff) ps7_sd_0	ps7_axi_interconnect_0
  (0xe0200000-0xe0200fff) ps7_iop_bus_config_0	ps7_axi_interconnect_0
  (0xf8000000-0xf8000fff) ps7_slcr_0	ps7_axi_interconnect_0
  (0xf8001000-0xf8001fff) ps7_ttc_0	ps7_axi_interconnect_0
  (0xf8003000-0xf8003fff) ps7_dma_s	ps7_axi_interconnect_0
  (0xf8004000-0xf8004fff) ps7_dma_ns	ps7_axi_interconnect_0
  (0xf8006000-0xf8006fff) ps7_ddrc_0	ps7_axi_interconnect_0
  (0xf8007000-0xf80070ff) ps7_dev_cfg_0	ps7_axi_interconnect_0
  (0xf8007100-0xf8007120) ps7_xadc_0	ps7_axi_interconnect_0
  (0xf8008000-0xf8008fff) ps7_afi_0	ps7_axi_interconnect_0
  (0xf8009000-0xf8009fff) ps7_afi_1	ps7_axi_interconnect_0
  (0xf800a000-0xf800afff) ps7_afi_2	ps7_axi_interconnect_0
  (0xf800b000-0xf800bfff) ps7_afi_3	ps7_axi_interconnect_0
  (0xf800c000-0xf800cfff) ps7_ocmc_0	ps7_axi_interconnect_0
  (0xf8800000-0xf88fffff) ps7_coresight_comp_0	ps7_axi_interconnect_0
  (0xf8900000-0xf89fffff) ps7_gpv_0	ps7_axi_interconnect_0
  (0xf8f00000-0xf8f000fc) ps7_scuc_0	ps7_axi_interconnect_0
  (0xf8f00100-0xf8f001ff) ps7_scugic_0	ps7_axi_interconnect_0
  (0xf8f00200-0xf8f002ff) ps7_globaltimer_0	ps7_axi_interconnect_0
  (0xf8f00600-0xf8f0061f) ps7_scutimer_0	ps7_axi_interconnect_0
  (0xf8f00620-0xf8f006ff) ps7_scuwdt_0	ps7_axi_interconnect_0
  (0xf8f01000-0xf8f01fff) ps7_intc_dist_0	ps7_axi_interconnect_0
  (0xf8f02000-0xf8f02fff) ps7_l2cachec_0	ps7_axi_interconnect_0
  (0xffff0000-0xfffffdff) ps7_ram_1	ps7_axi_interconnect_0
Address Map for Processor ps7_cortexa9_1
  (0000000000-0x0002ffff) ps7_ram_0	ps7_axi_interconnect_0
  (0x00100000-0x1fffffff) ps7_ddr_0	ps7_axi_interconnect_0
  (0xe0001000-0xe0001fff) ps7_uart_1	ps7_axi_interconnect_0
  (0xe000b000-0xe000bfff) ps7_ethernet_0	ps7_axi_interconnect_0
  (0xe0100000-0xe0100fff) ps7_sd_0	ps7_axi_interconnect_0
  (0xe0200000-0xe0200fff) ps7_iop_bus_config_0	ps7_axi_interconnect_0
  (0xf8000000-0xf8000fff) ps7_slcr_0	ps7_axi_interconnect_0
  (0xf8001000-0xf8001fff) ps7_ttc_0	ps7_axi_interconnect_0
  (0xf8003000-0xf8003fff) ps7_dma_s	ps7_axi_interconnect_0
  (0xf8004000-0xf8004fff) ps7_dma_ns	ps7_axi_interconnect_0
  (0xf8006000-0xf8006fff) ps7_ddrc_0	ps7_axi_interconnect_0
  (0xf8007000-0xf80070ff) ps7_dev_cfg_0	ps7_axi_interconnect_0
  (0xf8007100-0xf8007120) ps7_xadc_0	ps7_axi_interconnect_0
  (0xf8008000-0xf8008fff) ps7_afi_0	ps7_axi_interconnect_0
  (0xf8009000-0xf8009fff) ps7_afi_1	ps7_axi_interconnect_0
  (0xf800a000-0xf800afff) ps7_afi_2	ps7_axi_interconnect_0
  (0xf800b000-0xf800bfff) ps7_afi_3	ps7_axi_interconnect_0
  (0xf800c000-0xf800cfff) ps7_ocmc_0	ps7_axi_interconnect_0
  (0xf8800000-0xf88fffff) ps7_coresight_comp_0	ps7_axi_interconnect_0
  (0xf8900000-0xf89fffff) ps7_gpv_0	ps7_axi_interconnect_0
  (0xf8f00000-0xf8f000fc) ps7_scuc_0	ps7_axi_interconnect_0
  (0xf8f00100-0xf8f001ff) ps7_scugic_0	ps7_axi_interconnect_0
  (0xf8f00200-0xf8f002ff) ps7_globaltimer_0	ps7_axi_interconnect_0
  (0xf8f00600-0xf8f0061f) ps7_scutimer_0	ps7_axi_interconnect_0
  (0xf8f00620-0xf8f006ff) ps7_scuwdt_0	ps7_axi_interconnect_0
  (0xf8f01000-0xf8f01fff) ps7_intc_dist_0	ps7_axi_interconnect_0
  (0xf8f02000-0xf8f02fff) ps7_l2cachec_0	ps7_axi_interconnect_0
  (0xffff0000-0xfffffdff) ps7_ram_1	ps7_axi_interconnect_0

Checking platform address map ...
Conversion to XML complete.
